{
  "stats": {
    "suites": 1,
    "tests": 4,
    "passes": 4,
    "pending": 0,
    "failures": 0,
    "start": "2025-08-05T07:23:16.068Z",
    "end": "2025-08-05T07:23:30.171Z",
    "duration": 14103,
    "testsRegistered": 4,
    "passPercent": 100,
    "pendingPercent": 0,
    "other": 0,
    "hasOther": false,
    "skipped": 0,
    "hasSkipped": false
  },
  "results": [
    {
      "uuid": "ef23e82d-049b-47d7-8b8f-fdc9e4f18eb6",
      "title": "",
      "fullFile": "C:\\Users\\ASUS VIVOBOOK\\Downloads\\Tugas Sesi09\\test\\sesi-10\\test_sesi10.js",
      "file": "\\test\\sesi-10\\test_sesi10.js",
      "beforeHooks": [],
      "afterHooks": [],
      "tests": [],
      "suites": [
        {
          "uuid": "6d6cf70c-8eec-4ca4-a202-2e6f6eb7360f",
          "title": "Test Tugas Sesi ke 10",
          "fullFile": "C:\\Users\\ASUS VIVOBOOK\\Downloads\\Tugas Sesi09\\test\\sesi-10\\test_sesi10.js",
          "file": "\\test\\sesi-10\\test_sesi10.js",
          "beforeHooks": [
            {
              "title": "\"before all\" hook in \"Test Tugas Sesi ke 10\"",
              "fullTitle": "Test Tugas Sesi ke 10 \"before all\" hook in \"Test Tugas Sesi ke 10\"",
              "timedOut": false,
              "duration": 3395,
              "state": null,
              "speed": null,
              "pass": false,
              "fail": false,
              "pending": false,
              "context": null,
              "code": "console.log('Bersiap menjalankan test Sesi 10 dengan Login SauceDemo');\noptions = new chrome.Options();\ndriver = await new Builder()\n    .forBrowser('chrome')\n    .setChromeOptions(options)\n    .build();\nawait driver.get('https://www.saucedemo.com');\nconst title = await driver.getTitle();\n// assert: memastikan object sama persis\nassert.strictEqual(title, 'Swag Labs');\n//   |\n//   v\n\n// inputs\nlet inputUsername = await driver.findElement(By.css('[data-test=\"username\"]'))\nlet inputPassword = await driver.findElement(By.xpath('//*[@data-test=\"password\"]'))\nlet buttonLogin = await driver.findElement(By.className('submit-button btn_action'))\nawait inputUsername.sendKeys('standard_user')\nawait inputPassword.sendKeys('secret_sauce')\nawait buttonLogin.click()",
              "err": {},
              "uuid": "8c0aba7d-80e9-4708-89dc-ea2749ecb5d5",
              "parentUUID": "6d6cf70c-8eec-4ca4-a202-2e6f6eb7360f",
              "isHook": true,
              "skipped": false
            },
            {
              "title": "\"before each\" hook in \"Test Tugas Sesi ke 10\"",
              "fullTitle": "Test Tugas Sesi ke 10 \"before each\" hook in \"Test Tugas Sesi ke 10\"",
              "timedOut": false,
              "duration": 1,
              "state": null,
              "speed": null,
              "pass": false,
              "fail": false,
              "pending": false,
              "context": null,
              "code": "console.log('Menjalankan test Sesi 10 case: '+ this.currentTest.title);",
              "err": {},
              "uuid": "45610ecb-1a8e-49f5-92de-b5f5418a5149",
              "parentUUID": "6d6cf70c-8eec-4ca4-a202-2e6f6eb7360f",
              "isHook": true,
              "skipped": false
            }
          ],
          "afterHooks": [
            {
              "title": "\"after all\" hook in \"Test Tugas Sesi ke 10\"",
              "fullTitle": "Test Tugas Sesi ke 10 \"after all\" hook in \"Test Tugas Sesi ke 10\"",
              "timedOut": false,
              "duration": 2130,
              "state": null,
              "speed": null,
              "pass": false,
              "fail": false,
              "pending": false,
              "context": null,
              "code": "console.log('Test Sesi 10 selesai, menutup browser');\nawait driver.sleep(2000);\nawait driver.quit();",
              "err": {},
              "uuid": "0dca2fcd-6402-45fe-af5d-43a8ade43013",
              "parentUUID": "6d6cf70c-8eec-4ca4-a202-2e6f6eb7360f",
              "isHook": true,
              "skipped": false
            },
            {
              "title": "\"after each\" hook in \"Test Tugas Sesi ke 10\"",
              "fullTitle": "Test Tugas Sesi ke 10 \"after each\" hook in \"Test Tugas Sesi ke 10\"",
              "timedOut": false,
              "duration": 1,
              "state": null,
              "speed": null,
              "pass": false,
              "fail": false,
              "pending": false,
              "context": null,
              "code": "console.log('Selesai mejalankan case: '+ this.currentTest.title);",
              "err": {},
              "uuid": "340bc6b1-23d7-4e78-823c-64467b98a6f5",
              "parentUUID": "6d6cf70c-8eec-4ca4-a202-2e6f6eb7360f",
              "isHook": true,
              "skipped": false
            }
          ],
          "tests": [
            {
              "title": "Test SauceDemo login success",
              "fullTitle": "Test Tugas Sesi ke 10 Test SauceDemo login success",
              "timedOut": false,
              "duration": 2010,
              "state": "passed",
              "speed": "slow",
              "pass": true,
              "fail": false,
              "pending": false,
              "context": null,
              "code": "await driver.sleep(2000);",
              "err": {},
              "uuid": "10a763f9-2a83-4b0e-913b-1c721b24b04d",
              "parentUUID": "6d6cf70c-8eec-4ca4-a202-2e6f6eb7360f",
              "isHook": false,
              "skipped": false
            },
            {
              "title": "Test SauceDemo -> login success -> change a-z to z-a",
              "fullTitle": "Test Tugas Sesi ke 10 Test SauceDemo -> login success -> change a-z to z-a",
              "timedOut": false,
              "duration": 2205,
              "state": "passed",
              "speed": "slow",
              "pass": true,
              "fail": false,
              "pending": false,
              "context": null,
              "code": "// tunggu element tampil\n        let buttonCart = await driver.wait(\n            until.elementLocated(By.xpath('//*[@data-test=\"shopping-cart-link\"]')), \n            10000\n        );\n        await driver.wait(until.elementIsVisible(buttonCart), 5000, 'Shopping cart harus tampil');\n        \n        // assert: elememt ada\n        await buttonCart.isDisplayed()\n        // assert: text dalam element benar\n        let textAppLogo = await driver.findElement(By.className('app_logo'))\n        let logotext = await textAppLogo.getText()\n        assert.equal(logotext, 'Swag Labs')\n        //   |\n        //   v\n        // assert: dropdown search\n        let dropdownSort = await driver.findElement(By.xpath('//*[@data-test=\"product-sort-container\"]'));\n        await dropdownSort.click()     \n        // az = dari a ke z\n        // za = dari z ke a\n        // lohi = dari harga rendah ke tinggi\n        // hilo = dari harga tinggi ke rendah  \n        let option = await driver.findElement(By.xpath('//*[@value=\"za\"]'));\n        await option.click();\n        \n        // jeda sebelum quitting driver\n        await driver.sleep(2000);",
              "err": {},
              "uuid": "7cfdf5d5-52ab-4d3c-ac32-c976854d81e6",
              "parentUUID": "6d6cf70c-8eec-4ca4-a202-2e6f6eb7360f",
              "isHook": false,
              "skipped": false
            },
            {
              "title": "Test SauceDemo -> login success -> change a-z to low - high",
              "fullTitle": "Test Tugas Sesi ke 10 Test SauceDemo -> login success -> change a-z to low - high",
              "timedOut": false,
              "duration": 2164,
              "state": "passed",
              "speed": "slow",
              "pass": true,
              "fail": false,
              "pending": false,
              "context": null,
              "code": "// tunggu element tampil\n        let buttonCart = await driver.wait(\n            until.elementLocated(By.xpath('//*[@data-test=\"shopping-cart-link\"]')), \n            10000\n        );\n        await driver.wait(until.elementIsVisible(buttonCart), 5000, 'Shopping cart harus tampil');\n        \n        // assert: elememt ada\n        await buttonCart.isDisplayed()\n        // assert: text dalam element benar\n        let textAppLogo = await driver.findElement(By.className('app_logo'))\n        let logotext = await textAppLogo.getText()\n        assert.equal(logotext, 'Swag Labs')\n        //   |\n        //   v\n        // assert: dropdown search\n        let dropdownSort = await driver.findElement(By.xpath('//*[@data-test=\"product-sort-container\"]'));\n        await dropdownSort.click()     \n        // az = dari a ke z\n        // za = dari z ke a\n        // lohi = dari harga rendah ke tinggi\n        // hilo = dari harga tinggi ke rendah  \n        let option = await driver.findElement(By.xpath('//*[@value=\"lohi\"]'));\n        await option.click();\n        \n        // jeda sebelum quitting driver\n        await driver.sleep(2000);",
              "err": {},
              "uuid": "80b57a82-bb8f-467e-af8c-89e73817efac",
              "parentUUID": "6d6cf70c-8eec-4ca4-a202-2e6f6eb7360f",
              "isHook": false,
              "skipped": false
            },
            {
              "title": "Test SauceDemo -> login success -> change a-z to high - low",
              "fullTitle": "Test Tugas Sesi ke 10 Test SauceDemo -> login success -> change a-z to high - low",
              "timedOut": false,
              "duration": 2178,
              "state": "passed",
              "speed": "slow",
              "pass": true,
              "fail": false,
              "pending": false,
              "context": null,
              "code": "// tunggu element tampil\n        let buttonCart = await driver.wait(\n            until.elementLocated(By.xpath('//*[@data-test=\"shopping-cart-link\"]')), \n            10000\n        );\n        await driver.wait(until.elementIsVisible(buttonCart), 5000, 'Shopping cart harus tampil');\n        \n        // assert: elememt ada\n        await buttonCart.isDisplayed()\n        // assert: text dalam element benar\n        let textAppLogo = await driver.findElement(By.className('app_logo'))\n        let logotext = await textAppLogo.getText()\n        assert.equal(logotext, 'Swag Labs')\n        //   |\n        //   v\n        // assert: dropdown search\n        let dropdownSort = await driver.findElement(By.xpath('//*[@data-test=\"product-sort-container\"]'));\n        await dropdownSort.click()     \n        // az = dari a ke z\n        // za = dari z ke a\n        // lohi = dari harga rendah ke tinggi\n        // hilo = dari harga tinggi ke rendah  \n        let option = await driver.findElement(By.xpath('//*[@value=\"hilo\"]'));\n        await option.click();\n        \n        // jeda sebelum quitting driver\n        await driver.sleep(2000);",
              "err": {},
              "uuid": "b096856c-1a4c-4667-b0db-ea901df155f5",
              "parentUUID": "6d6cf70c-8eec-4ca4-a202-2e6f6eb7360f",
              "isHook": false,
              "skipped": false
            }
          ],
          "suites": [],
          "passes": [
            "10a763f9-2a83-4b0e-913b-1c721b24b04d",
            "7cfdf5d5-52ab-4d3c-ac32-c976854d81e6",
            "80b57a82-bb8f-467e-af8c-89e73817efac",
            "b096856c-1a4c-4667-b0db-ea901df155f5"
          ],
          "failures": [],
          "pending": [],
          "skipped": [],
          "duration": 8557,
          "root": false,
          "rootEmpty": false,
          "_timeout": 60000
        }
      ],
      "passes": [],
      "failures": [],
      "pending": [],
      "skipped": [],
      "duration": 0,
      "root": true,
      "rootEmpty": true,
      "_timeout": 60000
    }
  ],
  "meta": {
    "mocha": {
      "version": "10.8.2"
    },
    "mochawesome": {
      "options": {
        "quiet": false,
        "reportFilename": "mochawesome",
        "saveHtml": true,
        "saveJson": true,
        "consoleReporter": "spec",
        "useInlineDiffs": false,
        "code": true
      },
      "version": "7.1.3"
    },
    "marge": {
      "options": null,
      "version": "6.2.0"
    }
  }
}